2019-01-07 17:17:34.540  INFO 2364 --- [restartedMain] c.x.summarize.basic.BasicApplication     : Starting BasicApplication on SC-201901021011 with PID 2364 (D:\codes\spring-cloud-summarize\spring-boot-basic\target\classes started by Administrator in D:\codes\spring-cloud-summarize)
2019-01-07 17:17:34.543  INFO 2364 --- [restartedMain] c.x.summarize.basic.BasicApplication     : No active profile set, falling back to default profiles: default
2019-01-07 17:17:34.577  INFO 2364 --- [restartedMain] .e.DevToolsPropertyDefaultsPostProcessor : Devtools property defaults active! Set 'spring.devtools.add-properties' to 'false' to disable
2019-01-07 17:17:34.577  INFO 2364 --- [restartedMain] .e.DevToolsPropertyDefaultsPostProcessor : For additional web related logging consider setting the 'logging.level.web' property to 'DEBUG'
2019-01-07 17:17:35.321  INFO 2364 --- [restartedMain] o.s.b.w.embedded.tomcat.TomcatWebServer  : Tomcat initialized with port(s): 2001 (http)
2019-01-07 17:17:35.330  INFO 2364 --- [restartedMain] o.apache.catalina.core.StandardService   : Starting service [Tomcat]
2019-01-07 17:17:35.330  INFO 2364 --- [restartedMain] org.apache.catalina.core.StandardEngine  : Starting Servlet Engine: Apache Tomcat/9.0.12
2019-01-07 17:17:35.335  INFO 2364 --- [restartedMain] o.a.catalina.core.AprLifecycleListener   : The APR based Apache Tomcat Native library which allows optimal performance in production environments was not found on the java.library.path: [C:\Program Files\Java\jdk1.8.0_181\bin;C:\Windows\Sun\Java\bin;C:\Windows\system32;C:\Windows;C:\Program Files (x86)\Common Files\Oracle\Java\javapath;C:\Windows\system32;C:\Windows;C:\Windows\System32\Wbem;C:\Windows\System32\WindowsPowerShell\v1.0\;C:\Program Files\Git\cmd;C:\Program Files\Java\jdk1.8.0_181\bin;D:\soft\apache-maven-3.5.2\bin;C:\Users\Administrator\AppData\Local\Microsoft\WindowsApps;;.]
2019-01-07 17:17:35.393  INFO 2364 --- [restartedMain] o.a.c.c.C.[Tomcat].[localhost].[/]       : Initializing Spring embedded WebApplicationContext
2019-01-07 17:17:35.393  INFO 2364 --- [restartedMain] o.s.web.context.ContextLoader            : Root WebApplicationContext: initialization completed in 816 ms
2019-01-07 17:17:35.408  INFO 2364 --- [restartedMain] o.s.b.w.servlet.ServletRegistrationBean  : Servlet dispatcherServlet mapped to [/]
2019-01-07 17:17:35.411  INFO 2364 --- [restartedMain] o.s.b.w.servlet.FilterRegistrationBean   : Mapping filter: 'characterEncodingFilter' to: [/*]
2019-01-07 17:17:35.411  INFO 2364 --- [restartedMain] o.s.b.w.servlet.FilterRegistrationBean   : Mapping filter: 'hiddenHttpMethodFilter' to: [/*]
2019-01-07 17:17:35.411  INFO 2364 --- [restartedMain] o.s.b.w.servlet.FilterRegistrationBean   : Mapping filter: 'formContentFilter' to: [/*]
2019-01-07 17:17:35.411  INFO 2364 --- [restartedMain] o.s.b.w.servlet.FilterRegistrationBean   : Mapping filter: 'requestContextFilter' to: [/*]
2019-01-07 17:17:35.531  INFO 2364 --- [restartedMain] o.s.s.concurrent.ThreadPoolTaskExecutor  : Initializing ExecutorService 'applicationTaskExecutor'
2019-01-07 17:17:35.616  INFO 2364 --- [restartedMain] o.s.s.c.ThreadPoolTaskScheduler          : Initializing ExecutorService 'taskScheduler'
2019-01-07 17:17:35.639  INFO 2364 --- [restartedMain] o.s.b.d.a.OptionalLiveReloadServer       : LiveReload server is running on port 35729
2019-01-07 17:17:35.655 ERROR 2364 --- [scheduling-1] c.x.summarize.basic.log.LogTest          : log01
2019-01-07 17:17:35.680  INFO 2364 --- [restartedMain] o.s.b.w.embedded.tomcat.TomcatWebServer  : Tomcat started on port(s): 2001 (http) with context path ''
2019-01-07 17:17:35.682  INFO 2364 --- [restartedMain] c.x.summarize.basic.BasicApplication     : Started BasicApplication in 1.447 seconds (JVM running for 1.93)
2019-01-07 17:17:40.655 ERROR 2364 --- [scheduling-1] c.x.summarize.basic.log.LogTest          : log01
2019-01-07 17:17:45.655 ERROR 2364 --- [scheduling-1] c.x.summarize.basic.log.LogTest          : log01
2019-01-07 17:17:50.656 ERROR 2364 --- [scheduling-1] c.x.summarize.basic.log.LogTest          : log01
2019-01-07 17:17:55.655 ERROR 2364 --- [scheduling-1] c.x.summarize.basic.log.LogTest          : log01
2019-01-07 17:18:00.656 ERROR 2364 --- [scheduling-1] c.x.summarize.basic.log.LogTest          : log01
2019-01-07 17:18:05.656 ERROR 2364 --- [scheduling-1] c.x.summarize.basic.log.LogTest          : log01
2019-01-07 17:18:10.655 ERROR 2364 --- [scheduling-1] c.x.summarize.basic.log.LogTest          : log01
2019-01-07 17:18:15.656 ERROR 2364 --- [scheduling-1] c.x.summarize.basic.log.LogTest          : log01
2019-01-07 17:18:20.656 ERROR 2364 --- [scheduling-1] c.x.summarize.basic.log.LogTest          : log01
2019-01-07 17:18:25.656 ERROR 2364 --- [scheduling-1] c.x.summarize.basic.log.LogTest          : log01
2019-01-07 17:18:30.656 ERROR 2364 --- [scheduling-1] c.x.summarize.basic.log.LogTest          : log01
2019-01-07 17:18:35.656 ERROR 2364 --- [scheduling-1] c.x.summarize.basic.log.LogTest          : log01
2019-01-07 17:18:40.655 ERROR 2364 --- [scheduling-1] c.x.summarize.basic.log.LogTest          : log01
2019-01-07 17:18:45.655 ERROR 2364 --- [scheduling-1] c.x.summarize.basic.log.LogTest          : log01
2019-01-07 17:18:50.656 ERROR 2364 --- [scheduling-1] c.x.summarize.basic.log.LogTest          : log01
2019-01-07 17:18:55.656 ERROR 2364 --- [scheduling-1] c.x.summarize.basic.log.LogTest          : log01
2019-01-07 17:19:00.655 ERROR 2364 --- [scheduling-1] c.x.summarize.basic.log.LogTest          : log01
2019-01-07 17:19:05.656 ERROR 2364 --- [scheduling-1] c.x.summarize.basic.log.LogTest          : log01
2019-01-07 17:19:10.657 ERROR 2364 --- [scheduling-1] c.x.summarize.basic.log.LogTest          : log01
2019-01-07 17:19:15.655 ERROR 2364 --- [scheduling-1] c.x.summarize.basic.log.LogTest          : log01
2019-01-07 17:19:20.656 ERROR 2364 --- [scheduling-1] c.x.summarize.basic.log.LogTest          : log01
2019-01-07 17:19:25.655 ERROR 2364 --- [scheduling-1] c.x.summarize.basic.log.LogTest          : log01
2019-01-07 17:19:30.657 ERROR 2364 --- [scheduling-1] c.x.summarize.basic.log.LogTest          : log01
2019-01-07 17:19:35.656 ERROR 2364 --- [scheduling-1] c.x.summarize.basic.log.LogTest          : log01
2019-01-07 17:19:40.656 ERROR 2364 --- [scheduling-1] c.x.summarize.basic.log.LogTest          : log01
